Сборка начата 21.11.2014 17:57:22.
     1>Проект "D:\ALIZE\ALIZE\LIA_RAL2\trunk\wincfg\liatools_2010.vcxproj" в узле 2 (целевые объекты Build).
     1>C:\Program Files\MSBuild\Microsoft.Cpp\v4.0\V110\Microsoft.CppCommon.targets(611,5): warning MSB8015: Forcing a rebuild of all source files due to the contents of "D:\ALIZE\ALIZE\LIA_RAL2\trunk\lib\Debug\tmp\link.command.1.tlog" being invalid.
         C:\Program Files\Microsoft Visual Studio 11.0\VC\bin\link.exe /ERRORREPORT:PROMPT /OUT:"D:\ALIZE\ALIZE\LIA_RAL2\trunk\\lib\Debug\liatools_Win32_Debug.dll" /NOLOGO /LIBPATH:D:\ALIZE\ALIZE\LIA_RAL2\trunk\/../ALIZE/lib/Debug ALIZE_Win32_Debug.lib kernel32.lib user32.lib gdi32.lib winspool.lib comdlg32.lib advapi32.lib shell32.lib ole32.lib oleaut32.lib uuid.lib odbc32.lib odbccp32.lib /MANIFEST /MANIFESTUAC:"level='asInvoker' uiAccess='false'" /manifest:embed /DEBUG /PDB:"D:\ALIZE\ALIZE\LIA_RAL2\trunk\\lib\Debug\liatools_Win32_Debug.pdb" /TLBID:1 /DYNAMICBASE /NXCOMPAT /IMPLIB:"D:\ALIZE\ALIZE\LIA_RAL2\trunk\\lib\Debug\liatools_Win32_Debug.lib" /MACHINE:X86 /SAFESEH /DLL D:\ALIZE\ALIZE\LIA_RAL2\trunk\/lib/Debug/tmp/AccumulateJFAStat.obj
         D:\ALIZE\ALIZE\LIA_RAL2\trunk\/lib/Debug/tmp/AccumulateStat.obj
         D:\ALIZE\ALIZE\LIA_RAL2\trunk\/lib/Debug/tmp/AccumulateTVStat.obj
         D:\ALIZE\ALIZE\LIA_RAL2\trunk\/lib/Debug/tmp/ClusteringCriterion.obj
         D:\ALIZE\ALIZE\LIA_RAL2\trunk\/lib/Debug/tmp/FactorAnalysis.obj
         D:\ALIZE\ALIZE\LIA_RAL2\trunk\/lib/Debug/tmp/FileInfo.obj
         D:\ALIZE\ALIZE\LIA_RAL2\trunk\/lib/Debug/tmp/GeneralTools.obj
         D:\ALIZE\ALIZE\LIA_RAL2\trunk\/lib/Debug/tmp/Hmm.obj
         D:\ALIZE\ALIZE\LIA_RAL2\trunk\/lib/Debug/tmp/IOFormat.obj
         D:\ALIZE\ALIZE\LIA_RAL2\trunk\/lib/Debug/tmp/liatools.obj
         D:\ALIZE\ALIZE\LIA_RAL2\trunk\/lib/Debug/tmp/PldaTools.obj
         D:\ALIZE\ALIZE\LIA_RAL2\trunk\/lib/Debug/tmp/ScoreWarp.obj
         D:\ALIZE\ALIZE\LIA_RAL2\trunk\/lib/Debug/tmp/SegTools.obj
         D:\ALIZE\ALIZE\LIA_RAL2\trunk\/lib/Debug/tmp/SuperVectors.obj
         D:\ALIZE\ALIZE\LIA_RAL2\trunk\/lib/Debug/tmp/TopGauss.obj
         D:\ALIZE\ALIZE\LIA_RAL2\trunk\/lib/Debug/tmp/TrainTools.obj
         D:\ALIZE\ALIZE\LIA_RAL2\trunk\/lib/Debug/tmp/UnsupervisedTools.obj
         ..\lib\Debug\ALIZE_Win32_Debug.lib
     1>C:\Program Files\MSBuild\Microsoft.Cpp\v4.0\V110\Microsoft.CppCommon.targets(611,5): warning MSB8015: Forcing a rebuild of all source files due to the contents of "D:\ALIZE\ALIZE\LIA_RAL2\trunk\lib\Debug\tmp\link.command.1.tlog" being invalid.
         liatools_2010.vcxproj -> D:\ALIZE\ALIZE\LIA_RAL2\trunk\\lib\Debug\liatools_Win32_Debug.dll
     1>Построение проекта "D:\ALIZE\ALIZE\LIA_RAL2\trunk\wincfg\liatools_2010.vcxproj" завершено (целевые объекты Build).

Сборка успешно завершена.

Затраченное время: 00:00:07.34
