D:\ALIZE\ALIZE\LIA_RAL2\TRUNK\LIB\DEBUG\TMP\ACCUMULATEJFASTAT.OBJ
D:\ALIZE\ALIZE\LIA_RAL2\TRUNK\LIB\DEBUG\TMP\ACCUMULATESTAT.OBJ
D:\ALIZE\ALIZE\LIA_RAL2\TRUNK\LIB\DEBUG\TMP\ACCUMULATETVSTAT.OBJ
D:\ALIZE\ALIZE\LIA_RAL2\TRUNK\LIB\DEBUG\TMP\CLUSTERINGCRITERION.OBJ
D:\ALIZE\ALIZE\LIA_RAL2\TRUNK\LIB\DEBUG\TMP\FACTORANALYSIS.OBJ
D:\ALIZE\ALIZE\LIA_RAL2\TRUNK\LIB\DEBUG\TMP\FILEINFO.OBJ
D:\ALIZE\ALIZE\LIA_RAL2\TRUNK\LIB\DEBUG\TMP\GENERALTOOLS.OBJ
D:\ALIZE\ALIZE\LIA_RAL2\TRUNK\LIB\DEBUG\TMP\HMM.OBJ
D:\ALIZE\ALIZE\LIA_RAL2\TRUNK\LIB\DEBUG\TMP\IOFORMAT.OBJ
D:\ALIZE\ALIZE\LIA_RAL2\TRUNK\LIB\DEBUG\TMP\LIATOOLS.OBJ
D:\ALIZE\ALIZE\LIA_RAL2\TRUNK\LIB\DEBUG\TMP\PLDATOOLS.OBJ
D:\ALIZE\ALIZE\LIA_RAL2\TRUNK\LIB\DEBUG\TMP\SCOREWARP.OBJ
D:\ALIZE\ALIZE\LIA_RAL2\TRUNK\LIB\DEBUG\TMP\SEGTOOLS.OBJ
D:\ALIZE\ALIZE\LIA_RAL2\TRUNK\LIB\DEBUG\TMP\SUPERVECTORS.OBJ
D:\ALIZE\ALIZE\LIA_RAL2\TRUNK\LIB\DEBUG\TMP\TOPGAUSS.OBJ
D:\ALIZE\ALIZE\LIA_RAL2\TRUNK\LIB\DEBUG\TMP\TRAINTOOLS.OBJ
D:\ALIZE\ALIZE\LIA_RAL2\TRUNK\LIB\DEBUG\TMP\UNSUPERVISEDTOOLS.OBJ
D:\ALIZE\ALIZE\LIA_RAL2\TRUNK\LIB\DEBUG\TMP\VC110.PDB
D:\ALIZE\ALIZE\LIA_RAL2\trunk\lib\Debug\tmp\AccumulateJFAStat.obj
D:\ALIZE\ALIZE\LIA_RAL2\trunk\lib\Debug\tmp\AccumulateStat.obj
D:\ALIZE\ALIZE\LIA_RAL2\trunk\lib\Debug\tmp\AccumulateTVStat.obj
D:\ALIZE\ALIZE\LIA_RAL2\trunk\lib\Debug\tmp\ClusteringCriterion.obj
D:\ALIZE\ALIZE\LIA_RAL2\trunk\lib\Debug\tmp\FactorAnalysis.obj
D:\ALIZE\ALIZE\LIA_RAL2\trunk\lib\Debug\tmp\FileInfo.obj
D:\ALIZE\ALIZE\LIA_RAL2\trunk\lib\Debug\tmp\GeneralTools.obj
D:\ALIZE\ALIZE\LIA_RAL2\trunk\lib\Debug\tmp\Hmm.obj
D:\ALIZE\ALIZE\LIA_RAL2\trunk\lib\Debug\tmp\IOFormat.obj
D:\ALIZE\ALIZE\LIA_RAL2\trunk\lib\Debug\tmp\liatools.obj
D:\ALIZE\ALIZE\LIA_RAL2\trunk\lib\Debug\tmp\PldaTools.obj
D:\ALIZE\ALIZE\LIA_RAL2\trunk\lib\Debug\tmp\ScoreWarp.obj
D:\ALIZE\ALIZE\LIA_RAL2\trunk\lib\Debug\tmp\SegTools.obj
D:\ALIZE\ALIZE\LIA_RAL2\trunk\lib\Debug\tmp\SuperVectors.obj
D:\ALIZE\ALIZE\LIA_RAL2\trunk\lib\Debug\tmp\TopGauss.obj
D:\ALIZE\ALIZE\LIA_RAL2\trunk\lib\Debug\tmp\TrainTools.obj
D:\ALIZE\ALIZE\LIA_RAL2\trunk\lib\Debug\tmp\UnsupervisedTools.obj
D:\ALIZE\ALIZE\LIA_RAL2\trunk\lib\Debug\tmp\cl.command.1.tlog
D:\ALIZE\ALIZE\LIA_RAL2\trunk\lib\Debug\tmp\CL.read.1.tlog
D:\ALIZE\ALIZE\LIA_RAL2\trunk\lib\Debug\tmp\CL.write.1.tlog
D:\ALIZE\ALIZE\LIA_RAL2\trunk\lib\Debug\tmp\link.command.1.tlog
D:\ALIZE\ALIZE\LIA_RAL2\trunk\lib\Debug\tmp\link.read.1.tlog
D:\ALIZE\ALIZE\LIA_RAL2\trunk\lib\Debug\tmp\link.write.1.tlog
D:\ALIZE\ALIZE\LIA_RAL2\trunk\lib\Debug\tmp\vc110.idb
D:\ALIZE\ALIZE\LIA_RAL2\trunk\lib\Debug\tmp\vc110.pdb
